Performing C SOURCE FILE Test CMAKE_HAVE_LIBC_PTHREAD failed with the following output:
Change Dir: /home/kevin/jaguar_ws/src/stroll_bearnav/cmake-build-debug/CMakeFiles/CMakeTmp

Run Build Command(s):/usr/bin/make cmTC_220d3/fast && /usr/bin/make  -f CMakeFiles/cmTC_220d3.dir/build.make CMakeFiles/cmTC_220d3.dir/build
make[1]: Entering directory '/home/kevin/jaguar_ws/src/stroll_bearnav/cmake-build-debug/CMakeFiles/CMakeTmp'
Building C object CMakeFiles/cmTC_220d3.dir/src.c.o
/usr/bin/cc   -DCMAKE_HAVE_LIBC_PTHREAD   -o CMakeFiles/cmTC_220d3.dir/src.c.o   -c /home/kevin/jaguar_ws/src/stroll_bearnav/cmake-build-debug/CMakeFiles/CMakeTmp/src.c
Linking C executable cmTC_220d3
/snap/clion/123/bin/cmake/linux/bin/cmake -E cmake_link_script CMakeFiles/cmTC_220d3.dir/link.txt --verbose=1
/usr/bin/cc  -DCMAKE_HAVE_LIBC_PTHREAD    -rdynamic CMakeFiles/cmTC_220d3.dir/src.c.o  -o cmTC_220d3 
CMakeFiles/cmTC_220d3.dir/src.c.o: In function `main':
src.c:(.text+0x3c): undefined reference to `pthread_create'
src.c:(.text+0x48): undefined reference to `pthread_detach'
src.c:(.text+0x54): undefined reference to `pthread_cancel'
src.c:(.text+0x65): undefined reference to `pthread_join'
src.c:(.text+0x79): undefined reference to `pthread_atfork'
collect2: error: ld returned 1 exit status
CMakeFiles/cmTC_220d3.dir/build.make:106: recipe for target 'cmTC_220d3' failed
make[1]: *** [cmTC_220d3] Error 1
make[1]: Leaving directory '/home/kevin/jaguar_ws/src/stroll_bearnav/cmake-build-debug/CMakeFiles/CMakeTmp'
Makefile:141: recipe for target 'cmTC_220d3/fast' failed
make: *** [cmTC_220d3/fast] Error 2


Source file was:
#include <pthread.h>

void* test_func(void* data)
{
  return data;
}

int main(void)
{
  pthread_t thread;
  pthread_create(&thread, NULL, test_func, NULL);
  pthread_detach(thread);
  pthread_cancel(thread);
  pthread_join(thread, NULL);
  pthread_atfork(NULL, NULL, NULL);
  pthread_exit(NULL);

  return 0;
}

Determining if the function pthread_create exists in the pthreads failed with the following output:
Change Dir: /home/kevin/jaguar_ws/src/stroll_bearnav/cmake-build-debug/CMakeFiles/CMakeTmp

Run Build Command(s):/usr/bin/make cmTC_61f7a/fast && /usr/bin/make  -f CMakeFiles/cmTC_61f7a.dir/build.make CMakeFiles/cmTC_61f7a.dir/build
make[1]: Entering directory '/home/kevin/jaguar_ws/src/stroll_bearnav/cmake-build-debug/CMakeFiles/CMakeTmp'
Building C object CMakeFiles/cmTC_61f7a.dir/CheckFunctionExists.c.o
/usr/bin/cc   -DCHECK_FUNCTION_EXISTS=pthread_create   -o CMakeFiles/cmTC_61f7a.dir/CheckFunctionExists.c.o   -c /snap/clion/123/bin/cmake/linux/share/cmake-3.17/Modules/CheckFunctionExists.c
Linking C executable cmTC_61f7a
/snap/clion/123/bin/cmake/linux/bin/cmake -E cmake_link_script CMakeFiles/cmTC_61f7a.dir/link.txt --verbose=1
/usr/bin/cc  -DCHECK_FUNCTION_EXISTS=pthread_create    -rdynamic CMakeFiles/cmTC_61f7a.dir/CheckFunctionExists.c.o  -o cmTC_61f7a  -lpthreads 
/usr/bin/ld: cannot find -lpthreads
collect2: error: ld returned 1 exit status
CMakeFiles/cmTC_61f7a.dir/build.make:106: recipe for target 'cmTC_61f7a' failed
make[1]: *** [cmTC_61f7a] Error 1
make[1]: Leaving directory '/home/kevin/jaguar_ws/src/stroll_bearnav/cmake-build-debug/CMakeFiles/CMakeTmp'
Makefile:141: recipe for target 'cmTC_61f7a/fast' failed
make: *** [cmTC_61f7a/fast] Error 2



